{"name": "Acrescentar Produto no Carrinho", "status": "broken", "statusDetails": {"message": "selenium.common.exceptions.NoSuchElementException: Message: no such element: Unable to locate element: {\"method\":\"xpath\",\"selector\":\"//*[@class='a-size-medium-plus a-color-base sw-atc-text a-text-bold']\"}\n  (Session info: chrome=120.0.6099.110); For documentation on this error, please visit: https://www.selenium.dev/documentation/webdriver/troubleshooting/errors#no-such-element-exception\nStacktrace:\n\tGetHandleVerifier [0x00007FF6C2532142+3514994]\n\t(No symbol) [0x00007FF6C2150CE2]\n\t(No symbol) [0x00007FF6C1FF76AA]\n\t(No symbol) [0x00007FF6C2041860]\n\t(No symbol) [0x00007FF6C204197C]\n\t(No symbol) [0x00007FF6C2084EE7]\n\t(No symbol) [0x00007FF6C206602F]\n\t(No symbol) [0x00007FF6C20828F6]\n\t(No symbol) [0x00007FF6C2065D93]\n\t(No symbol) [0x00007FF6C2034BDC]\n\t(No symbol) [0x00007FF6C2035C64]\n\tGetHandleVerifier [0x00007FF6C255E16B+3695259]\n\tGetHandleVerifier [0x00007FF6C25B6737+4057191]\n\tGetHandleVerifier [0x00007FF6C25AE4E3+4023827]\n\tGetHandleVerifier [0x00007FF6C22804F9+689705]\n\t(No symbol) [0x00007FF6C215C048]\n\t(No symbol) [0x00007FF6C2158044]\n\t(No symbol) [0x00007FF6C21581C9]\n\t(No symbol) [0x00007FF6C21488C4]\n\tBaseThreadInitThunk [0x00007FF85CCD257D+29]\n\tRtlUserThreadStart [0x00007FF85E22AA58+40]\n\n", "trace": "  File \"C:\\Users\\gpnet\\Documents\\desafio-mb\\venv\\Lib\\site-packages\\behave\\model.py\", line 1329, in run\n    match.run(runner.context)\n  File \"C:\\Users\\gpnet\\Documents\\desafio-mb\\venv\\Lib\\site-packages\\behave\\matchers.py\", line 98, in run\n    self.func(context, *args, **kwargs)\n  File \"features\\steps\\test_product.py\", line 48, in add_to_cart\n    assert context.driver.find_element(By.XPATH,\n           ^^^^^^^^^^^^^^^^^^^^^^^^^^^^^^^^^^^^^\n  File \"C:\\Users\\gpnet\\Documents\\desafio-mb\\venv\\Lib\\site-packages\\selenium\\webdriver\\remote\\webdriver.py\", line 742, in find_element\n    return self.execute(Command.FIND_ELEMENT, {\"using\": by, \"value\": value})[\"value\"]\n           ^^^^^^^^^^^^^^^^^^^^^^^^^^^^^^^^^^^^^^^^^^^^^^^^^^^^^^^^^^^^^^^^^\n  File \"C:\\Users\\gpnet\\Documents\\desafio-mb\\venv\\Lib\\site-packages\\selenium\\webdriver\\remote\\webdriver.py\", line 348, in execute\n    self.error_handler.check_response(response)\n  File \"C:\\Users\\gpnet\\Documents\\desafio-mb\\venv\\Lib\\site-packages\\selenium\\webdriver\\remote\\errorhandler.py\", line 229, in check_response\n    raise exception_class(message, screen, stacktrace)\n"}, "steps": [{"name": "Dado que estou na tela de resultado do Produto", "status": "passed", "start": 1703094056096, "stop": 1703094056158}, {"name": "Quando clicar no produto escolhido", "status": "passed", "start": 1703094056158, "stop": 1703094062226}, {"name": "E clicar em adicionar ao carrinho", "status": "broken", "statusDetails": {"message": "selenium.common.exceptions.NoSuchElementException: Message: no such element: Unable to locate element: {\"method\":\"xpath\",\"selector\":\"//*[@class='a-size-medium-plus a-color-base sw-atc-text a-text-bold']\"}\n  (Session info: chrome=120.0.6099.110); For documentation on this error, please visit: https://www.selenium.dev/documentation/webdriver/troubleshooting/errors#no-such-element-exception\nStacktrace:\n\tGetHandleVerifier [0x00007FF6C2532142+3514994]\n\t(No symbol) [0x00007FF6C2150CE2]\n\t(No symbol) [0x00007FF6C1FF76AA]\n\t(No symbol) [0x00007FF6C2041860]\n\t(No symbol) [0x00007FF6C204197C]\n\t(No symbol) [0x00007FF6C2084EE7]\n\t(No symbol) [0x00007FF6C206602F]\n\t(No symbol) [0x00007FF6C20828F6]\n\t(No symbol) [0x00007FF6C2065D93]\n\t(No symbol) [0x00007FF6C2034BDC]\n\t(No symbol) [0x00007FF6C2035C64]\n\tGetHandleVerifier [0x00007FF6C255E16B+3695259]\n\tGetHandleVerifier [0x00007FF6C25B6737+4057191]\n\tGetHandleVerifier [0x00007FF6C25AE4E3+4023827]\n\tGetHandleVerifier [0x00007FF6C22804F9+689705]\n\t(No symbol) [0x00007FF6C215C048]\n\t(No symbol) [0x00007FF6C2158044]\n\t(No symbol) [0x00007FF6C21581C9]\n\t(No symbol) [0x00007FF6C21488C4]\n\tBaseThreadInitThunk [0x00007FF85CCD257D+29]\n\tRtlUserThreadStart [0x00007FF85E22AA58+40]\n\n", "trace": "  File \"C:\\Users\\gpnet\\Documents\\desafio-mb\\venv\\Lib\\site-packages\\behave\\model.py\", line 1329, in run\n    match.run(runner.context)\n  File \"C:\\Users\\gpnet\\Documents\\desafio-mb\\venv\\Lib\\site-packages\\behave\\matchers.py\", line 98, in run\n    self.func(context, *args, **kwargs)\n  File \"features\\steps\\test_product.py\", line 48, in add_to_cart\n    assert context.driver.find_element(By.XPATH,\n           ^^^^^^^^^^^^^^^^^^^^^^^^^^^^^^^^^^^^^\n  File \"C:\\Users\\gpnet\\Documents\\desafio-mb\\venv\\Lib\\site-packages\\selenium\\webdriver\\remote\\webdriver.py\", line 742, in find_element\n    return self.execute(Command.FIND_ELEMENT, {\"using\": by, \"value\": value})[\"value\"]\n           ^^^^^^^^^^^^^^^^^^^^^^^^^^^^^^^^^^^^^^^^^^^^^^^^^^^^^^^^^^^^^^^^^\n  File \"C:\\Users\\gpnet\\Documents\\desafio-mb\\venv\\Lib\\site-packages\\selenium\\webdriver\\remote\\webdriver.py\", line 348, in execute\n    self.error_handler.check_response(response)\n  File \"C:\\Users\\gpnet\\Documents\\desafio-mb\\venv\\Lib\\site-packages\\selenium\\webdriver\\remote\\errorhandler.py\", line 229, in check_response\n    raise exception_class(message, screen, stacktrace)\n"}, "start": 1703094062227, "stop": 1703094067989}, {"name": "Ent√£o produto vai para carrinho", "status": "skipped", "start": 1703094067991, "stop": 1703094067991}], "start": 1703094056088, "stop": 1703094067991, "uuid": "6ef0fe71-c84f-4ac2-87d5-19a464e26b2e", "historyId": "4710e08695f6e729eeac5807026cd9e2", "fullName": "Produtos Amazon: Acrescentar Produto no Carrinho", "labels": [{"name": "severity", "value": "normal"}, {"name": "feature", "value": "Produtos Amazon"}, {"name": "framework", "value": "behave"}, {"name": "language", "value": "cpython3"}]}